<?xml version="1.0" encoding="UTF-8"?>
<testsuite xmlns:xsi="http://www.w3.org/2001/XMLSchema-instance" xsi:noNamespaceSchemaLocation="https://maven.apache.org/surefire/maven-surefire-plugin/xsd/surefire-test-report-3.0.xsd" version="3.0" name="bank.BankAccountTest" time="0.101" tests="7" errors="0" skipped="0" failures="0">
  <properties>
    <property name="java.specification.version" value="17"/>
    <property name="sun.cpu.isalist" value="amd64"/>
    <property name="sun.jnu.encoding" value="Cp1252"/>
    <property name="java.class.path" value="C:\Users\Francisco José\Desktop\Uni\Tercero\2o_cuatri\Mantenimiento\Ejercicios\Ejercicio1\demo\target\test-classes;C:\Users\Francisco José\Desktop\Uni\Tercero\2o_cuatri\Mantenimiento\Ejercicios\Ejercicio1\demo\target\classes;C:\Users\Francisco José\.m2\repository\junit\junit\4.13.2\junit-4.13.2.jar;C:\Users\Francisco José\.m2\repository\org\hamcrest\hamcrest-core\1.3\hamcrest-core-1.3.jar;C:\Users\Francisco José\.m2\repository\org\junit\jupiter\junit-jupiter\5.10.1\junit-jupiter-5.10.1.jar;C:\Users\Francisco José\.m2\repository\org\junit\jupiter\junit-jupiter-api\5.10.1\junit-jupiter-api-5.10.1.jar;C:\Users\Francisco José\.m2\repository\org\opentest4j\opentest4j\1.3.0\opentest4j-1.3.0.jar;C:\Users\Francisco José\.m2\repository\org\junit\platform\junit-platform-commons\1.10.1\junit-platform-commons-1.10.1.jar;C:\Users\Francisco José\.m2\repository\org\apiguardian\apiguardian-api\1.1.2\apiguardian-api-1.1.2.jar;C:\Users\Francisco José\.m2\repository\org\junit\jupiter\junit-jupiter-params\5.10.1\junit-jupiter-params-5.10.1.jar;C:\Users\Francisco José\.m2\repository\org\junit\jupiter\junit-jupiter-engine\5.10.1\junit-jupiter-engine-5.10.1.jar;C:\Users\Francisco José\.m2\repository\org\junit\platform\junit-platform-engine\1.10.1\junit-platform-engine-1.10.1.jar;C:\Users\Francisco José\.m2\repository\org\mockito\mockito-core\5.7.0\mockito-core-5.7.0.jar;C:\Users\Francisco José\.m2\repository\net\bytebuddy\byte-buddy\1.14.9\byte-buddy-1.14.9.jar;C:\Users\Francisco José\.m2\repository\net\bytebuddy\byte-buddy-agent\1.14.9\byte-buddy-agent-1.14.9.jar;C:\Users\Francisco José\.m2\repository\org\objenesis\objenesis\3.3\objenesis-3.3.jar;C:\Users\Francisco José\.m2\repository\org\mockito\mockito-junit-jupiter\5.7.0\mockito-junit-jupiter-5.7.0.jar;"/>
    <property name="java.vm.vendor" value="Oracle Corporation"/>
    <property name="sun.arch.data.model" value="64"/>
    <property name="user.variant" value=""/>
    <property name="java.vendor.url" value="https://java.oracle.com/"/>
    <property name="user.timezone" value="Europe/Madrid"/>
    <property name="os.name" value="Windows 11"/>
    <property name="java.vm.specification.version" value="17"/>
    <property name="sun.java.launcher" value="SUN_STANDARD"/>
    <property name="user.country" value="ES"/>
    <property name="sun.boot.library.path" value="C:\Program Files\Java\jdk-17.0.5\bin"/>
    <property name="sun.java.command" value="C:\Users\Francisco José\AppData\Local\Temp\surefire1753935488306042124\surefirebooter-20240305112557421_3.jar C:\Users\Francisco José\AppData\Local\Temp\surefire1753935488306042124 2024-03-05T11-25-57_279-jvmRun1 surefire-20240305112557421_1tmp surefire_0-20240305112557421_2tmp"/>
    <property name="jdk.debug" value="release"/>
    <property name="surefire.test.class.path" value="C:\Users\Francisco José\Desktop\Uni\Tercero\2o_cuatri\Mantenimiento\Ejercicios\Ejercicio1\demo\target\test-classes;C:\Users\Francisco José\Desktop\Uni\Tercero\2o_cuatri\Mantenimiento\Ejercicios\Ejercicio1\demo\target\classes;C:\Users\Francisco José\.m2\repository\junit\junit\4.13.2\junit-4.13.2.jar;C:\Users\Francisco José\.m2\repository\org\hamcrest\hamcrest-core\1.3\hamcrest-core-1.3.jar;C:\Users\Francisco José\.m2\repository\org\junit\jupiter\junit-jupiter\5.10.1\junit-jupiter-5.10.1.jar;C:\Users\Francisco José\.m2\repository\org\junit\jupiter\junit-jupiter-api\5.10.1\junit-jupiter-api-5.10.1.jar;C:\Users\Francisco José\.m2\repository\org\opentest4j\opentest4j\1.3.0\opentest4j-1.3.0.jar;C:\Users\Francisco José\.m2\repository\org\junit\platform\junit-platform-commons\1.10.1\junit-platform-commons-1.10.1.jar;C:\Users\Francisco José\.m2\repository\org\apiguardian\apiguardian-api\1.1.2\apiguardian-api-1.1.2.jar;C:\Users\Francisco José\.m2\repository\org\junit\jupiter\junit-jupiter-params\5.10.1\junit-jupiter-params-5.10.1.jar;C:\Users\Francisco José\.m2\repository\org\junit\jupiter\junit-jupiter-engine\5.10.1\junit-jupiter-engine-5.10.1.jar;C:\Users\Francisco José\.m2\repository\org\junit\platform\junit-platform-engine\1.10.1\junit-platform-engine-1.10.1.jar;C:\Users\Francisco José\.m2\repository\org\mockito\mockito-core\5.7.0\mockito-core-5.7.0.jar;C:\Users\Francisco José\.m2\repository\net\bytebuddy\byte-buddy\1.14.9\byte-buddy-1.14.9.jar;C:\Users\Francisco José\.m2\repository\net\bytebuddy\byte-buddy-agent\1.14.9\byte-buddy-agent-1.14.9.jar;C:\Users\Francisco José\.m2\repository\org\objenesis\objenesis\3.3\objenesis-3.3.jar;C:\Users\Francisco José\.m2\repository\org\mockito\mockito-junit-jupiter\5.7.0\mockito-junit-jupiter-5.7.0.jar;"/>
    <property name="sun.cpu.endian" value="little"/>
    <property name="user.home" value="C:\Users\Francisco José"/>
    <property name="user.language" value="es"/>
    <property name="java.specification.vendor" value="Oracle Corporation"/>
    <property name="java.version.date" value="2022-10-18"/>
    <property name="java.home" value="C:\Program Files\Java\jdk-17.0.5"/>
    <property name="file.separator" value="\"/>
    <property name="basedir" value="C:\Users\Francisco José\Desktop\Uni\Tercero\2o_cuatri\Mantenimiento\Ejercicios\Ejercicio1\demo"/>
    <property name="java.vm.compressedOopsMode" value="Zero based"/>
    <property name="line.separator" value="&#10;"/>
    <property name="java.vm.specification.vendor" value="Oracle Corporation"/>
    <property name="java.specification.name" value="Java Platform API Specification"/>
    <property name="surefire.real.class.path" value="C:\Users\Francisco José\AppData\Local\Temp\surefire1753935488306042124\surefirebooter-20240305112557421_3.jar"/>
    <property name="user.script" value=""/>
    <property name="sun.management.compiler" value="HotSpot 64-Bit Tiered Compilers"/>
    <property name="java.runtime.version" value="17.0.5+9-LTS-191"/>
    <property name="user.name" value="Francisco José"/>
    <property name="path.separator" value=";"/>
    <property name="os.version" value="10.0"/>
    <property name="java.runtime.name" value="Java(TM) SE Runtime Environment"/>
    <property name="file.encoding" value="Cp1252"/>
    <property name="java.vm.name" value="Java HotSpot(TM) 64-Bit Server VM"/>
    <property name="localRepository" value="C:\Users\Francisco José\.m2\repository"/>
    <property name="java.vendor.url.bug" value="https://bugreport.java.com/bugreport/"/>
    <property name="java.io.tmpdir" value="C:\Users\FRANCI~1\AppData\Local\Temp\"/>
    <property name="java.version" value="17.0.5"/>
    <property name="user.dir" value="C:\Users\Francisco José\Desktop\Uni\Tercero\2o_cuatri\Mantenimiento\Ejercicios\Ejercicio1\demo"/>
    <property name="os.arch" value="amd64"/>
    <property name="java.vm.specification.name" value="Java Virtual Machine Specification"/>
    <property name="sun.os.patch.level" value=""/>
    <property name="native.encoding" value="Cp1252"/>
    <property name="java.library.path" value="C:\Program Files\Java\jdk-17.0.5\bin;C:\WINDOWS\Sun\Java\bin;C:\WINDOWS\system32;C:\WINDOWS;C:\Program Files\Common Files\Oracle\Java\javapath;C:\Program Files (x86)\Common Files\Oracle\Java\javapath;C:\Program Files\Haskell\bin;C:\Program Files\Haskell Platform\8.6.5\lib\extralibs\bin;C:\Program Files\Haskell Platform\8.6.5\bin;C:\WINDOWS\system32;C:\WINDOWS;C:\WINDOWS\System32\Wbem;C:\WINDOWS\System32\WindowsPowerShell\v1.0\;C:\WINDOWS\System32\OpenSSH\;C:\Program Files\Haskell Platform\8.6.5\mingw\bin;C:\MinGW64\mingw64\bin;C:\Program Files\Git\cmd;C:\Program Files\AutoFirma\AutoFirma;C:\Maven\apache-maven-3.9.6\bin;C:\Users\Francisco José\AppData\Local\Programs\Python\Python312\Scripts\;C:\Users\Francisco José\AppData\Local\Programs\Python\Python312\;C:\Users\Francisco José\AppData\Roaming\cabal\bin;C:\Users\Francisco José\AppData\Roaming\local\bin;C:\Users\Francisco José\AppData\Local\Microsoft\WindowsApps;C:\Users\Francisco José\AppData\Local\Programs\Microsoft VS Code\bin;C:\Users\Francisco José\AppData\Local\GitHubDesktop\bin;C:\Users\Francisco José\AppData\Local\Programs\Python\Python311\Scripts;;."/>
    <property name="java.vm.info" value="mixed mode, sharing"/>
    <property name="java.vendor" value="Oracle Corporation"/>
    <property name="java.vm.version" value="17.0.5+9-LTS-191"/>
    <property name="sun.io.unicode.encoding" value="UnicodeLittle"/>
    <property name="java.class.version" value="61.0"/>
  </properties>
  <testcase name="withdraw_insuficienteDinero_returnFalse" classname="bank.BankAccountTest" time="0.049"/>
  <testcase name="withdraw_suficienteDinero_returnTrue" classname="bank.BankAccountTest" time="0.0"/>
  <testcase name="deposit_cantidadNegativa_throwIllegalArgumentException" classname="bank.BankAccountTest" time="0.003"/>
  <testcase name="pending_mes0_returnTrue" classname="bank.BankAccountTest" time="0.0"/>
  <testcase name="pending_mesMayorA0_returnTrue" classname="bank.BankAccountTest" time="0.0"/>
  <testcase name="deposit_cantidadPositiva_returnTrue" classname="bank.BankAccountTest" time="0.0"/>
  <testcase name="payment_formulaCorrecta_returnTrue" classname="bank.BankAccountTest" time="0.0"/>
</testsuite>